0 info it worked if it ends with ok
1 verbose cli [ 'node', '/usr/local/bin/npm', 'install' ]
2 info using npm@1.2.23
3 info using node@v0.10.8
4 verbose read json /Users/marc/angularjs-socket-node-chat/package.json
5 warn package.json angularjs-socketio-nodejs-chat@0.0.1 No repository field.
6 verbose readDependencies using package.json deps
7 verbose install where, deps [ '/Users/marc/angularjs-socket-node-chat',
7 verbose install   [ 'express', 'jade', 'socket.io' ] ]
8 verbose from cache /Users/marc/angularjs-socket-node-chat/package.json
9 info preinstall angularjs-socketio-nodejs-chat@0.0.1
10 verbose read json /Users/marc/angularjs-socket-node-chat/node_modules/express/package.json
11 verbose read json /Users/marc/angularjs-socket-node-chat/node_modules/jade/package.json
12 verbose read json /Users/marc/angularjs-socket-node-chat/node_modules/socket.io/package.json
13 verbose from cache /Users/marc/angularjs-socket-node-chat/package.json
14 verbose readDependencies using package.json deps
15 verbose from cache /Users/marc/angularjs-socket-node-chat/node_modules/express/package.json
16 verbose from cache /Users/marc/angularjs-socket-node-chat/node_modules/jade/package.json
17 verbose from cache /Users/marc/angularjs-socket-node-chat/node_modules/socket.io/package.json
18 verbose already installed skipping socket.io@>= 0.9.6 /Users/marc/angularjs-socket-node-chat
19 verbose cache add [ 'express@latest', null ]
20 verbose cache add name=undefined spec="express@latest" args=["express@latest",null]
21 verbose parsed url { protocol: null,
21 verbose parsed url   slashes: null,
21 verbose parsed url   auth: null,
21 verbose parsed url   host: null,
21 verbose parsed url   port: null,
21 verbose parsed url   hostname: null,
21 verbose parsed url   hash: null,
21 verbose parsed url   search: null,
21 verbose parsed url   query: null,
21 verbose parsed url   pathname: 'express@latest',
21 verbose parsed url   path: 'express@latest',
21 verbose parsed url   href: 'express@latest' }
22 verbose cache add name="express" spec="latest" args=["express","latest"]
23 verbose parsed url { protocol: null,
23 verbose parsed url   slashes: null,
23 verbose parsed url   auth: null,
23 verbose parsed url   host: null,
23 verbose parsed url   port: null,
23 verbose parsed url   hostname: null,
23 verbose parsed url   hash: null,
23 verbose parsed url   search: null,
23 verbose parsed url   query: null,
23 verbose parsed url   pathname: 'latest',
23 verbose parsed url   path: 'latest',
23 verbose parsed url   href: 'latest' }
24 verbose addNamed [ 'express', 'latest' ]
25 verbose addNamed [ null, null ]
26 verbose already installed skipping jade@>= 0.26.1 /Users/marc/angularjs-socket-node-chat
27 silly lockFile c30a01ab-express-latest express@latest
28 verbose lock express@latest /Users/marc/.npm/c30a01ab-express-latest.lock
29 info addNameTag [ 'express', 'latest' ]
30 verbose url raw express
31 verbose url resolving [ 'https://registry.npmjs.org/', './express' ]
32 verbose url resolved https://registry.npmjs.org/express
33 info trying registry request attempt 1 at 20:04:43
34 http GET https://registry.npmjs.org/express
35 http 200 https://registry.npmjs.org/express
36 silly registry.get cb [ 200,
36 silly registry.get   { vary: 'Accept',
36 silly registry.get     server: 'CouchDB/1.3.0 (Erlang OTP/R15B03)',
36 silly registry.get     etag: '"E8D4EVY5LHOO8X0N8RYQ5VEP0"',
36 silly registry.get     date: 'Fri, 19 Jul 2013 03:04:45 GMT',
36 silly registry.get     'content-type': 'application/json',
36 silly registry.get     'content-length': '393078' } ]
37 verbose addNamed [ 'express', '3.3.4' ]
38 verbose addNamed [ '3.3.4', '3.3.4' ]
39 silly lockFile 536d637b-express-3-3-4 express@3.3.4
40 verbose lock express@3.3.4 /Users/marc/.npm/536d637b-express-3-3-4.lock
41 silly lockFile f24d7c71-js-org-express-express-3-3-4-tgz https://registry.npmjs.org/express/-/express-3.3.4.tgz
42 verbose lock https://registry.npmjs.org/express/-/express-3.3.4.tgz /Users/marc/.npm/f24d7c71-js-org-express-express-3-3-4-tgz.lock
43 verbose addRemoteTarball [ 'https://registry.npmjs.org/express/-/express-3.3.4.tgz',
43 verbose addRemoteTarball   '9abf22017213a8f6f54a421ce22b8ec27b7def62' ]
44 silly lockFile f24d7c71-js-org-express-express-3-3-4-tgz https://registry.npmjs.org/express/-/express-3.3.4.tgz
45 silly lockFile f24d7c71-js-org-express-express-3-3-4-tgz https://registry.npmjs.org/express/-/express-3.3.4.tgz
46 silly lockFile 536d637b-express-3-3-4 express@3.3.4
47 silly lockFile 536d637b-express-3-3-4 express@3.3.4
48 silly lockFile c30a01ab-express-latest express@latest
49 silly lockFile c30a01ab-express-latest express@latest
50 error Error: EACCES, mkdir '/Users/marc/tmp/npm-66467'
50 error  { [Error: EACCES, mkdir '/Users/marc/tmp/npm-66467'] errno: 3, code: 'EACCES', path: '/Users/marc/tmp/npm-66467' }
51 error Please try running this command again as root/Administrator.
52 error System Darwin 12.3.0
53 error command "node" "/usr/local/bin/npm" "install"
54 error cwd /Users/marc/angularjs-socket-node-chat
55 error node -v v0.10.8
56 error npm -v 1.2.23
57 error path /Users/marc/tmp/npm-66467
58 error code EACCES
59 error errno 3
60 error stack Error: EACCES, mkdir '/Users/marc/tmp/npm-66467'
61 verbose exit [ 3, true ]
